2013-11-21 03:28:55,297 - [INFO] - from play in main 
Listening for HTTP on /0:0:0:0:0:0:0:0:9000

2013-11-21 03:30:24,937 - [INFO] - from play in main 
Application started (Prod)

2013-11-21 03:30:25,075 - [INFO] - from play in main 
Listening for HTTP on /0:0:0:0:0:0:0:0:9000

2013-11-21 03:30:43,018 - [ERROR] - from application in play-internal-execution-context-2 


! @6gbb9naab - Internal server error, for (GET) [/mobile/categories?city=Pune] ->

play.api.Application$$anon$1: Execution exception[[Network: can't call something : paulo.mongohq.com/54.226.71.234:10028/ryLtl1FKydmmUb6QSEzhkQ]]
	at play.api.Application$class.handleError(Application.scala:289) ~[play_2.10.jar:2.1.3]
	at play.api.DefaultApplication.handleError(Application.scala:383) [play_2.10.jar:2.1.3]
	at play.core.server.netty.PlayDefaultUpstreamHandler$$anonfun$play$core$server$netty$PlayDefaultUpstreamHandler$$handle$1$1.apply(PlayDefaultUpstreamHandler.scala:143) [play_2.10.jar:2.1.3]
	at play.core.server.netty.PlayDefaultUpstreamHandler$$anonfun$play$core$server$netty$PlayDefaultUpstreamHandler$$handle$1$1.apply(PlayDefaultUpstreamHandler.scala:139) [play_2.10.jar:2.1.3]
	at play.api.libs.concurrent.PlayPromise$$anonfun$extend1$1.apply(Promise.scala:113) [play_2.10.jar:2.1.3]
	at play.api.libs.concurrent.PlayPromise$$anonfun$extend1$1.apply(Promise.scala:113) [play_2.10.jar:2.1.3]
	at play.api.libs.concurrent.PlayPromise$$anonfun$extend$1$$anonfun$apply$1.apply(Promise.scala:104) [play_2.10.jar:2.1.3]
	at scala.concurrent.impl.Future$PromiseCompletingRunnable.liftedTree1$1(Future.scala:24) [scala-library.jar:na]
	at scala.concurrent.impl.Future$PromiseCompletingRunnable.run(Future.scala:24) [scala-library.jar:na]
	at java.util.concurrent.ThreadPoolExecutor.runWorker(ThreadPoolExecutor.java:1145) [na:1.7.0_21]
	at java.util.concurrent.ThreadPoolExecutor$Worker.run(ThreadPoolExecutor.java:615) [na:1.7.0_21]
	at java.lang.Thread.run(Thread.java:722) [na:1.7.0_21]
com.mongodb.MongoException$Network: can't call something : paulo.mongohq.com/54.226.71.234:10028/ryLtl1FKydmmUb6QSEzhkQ
	at com.mongodb.DBTCPConnector.call(DBTCPConnector.java:227) ~[mongo-java-driver-2.7.2.jar:na]
	at com.mongodb.DBApiLayer$MyCollection.__find(DBApiLayer.java:305) ~[mongo-java-driver-2.7.2.jar:na]
	at com.mongodb.DBCursor._check(DBCursor.java:369) ~[mongo-java-driver-2.7.2.jar:na]
	at com.mongodb.DBCursor._hasNext(DBCursor.java:498) ~[mongo-java-driver-2.7.2.jar:na]
	at com.mongodb.DBCursor._fill(DBCursor.java:558) ~[mongo-java-driver-2.7.2.jar:na]
	at com.mongodb.DBCursor.toArray(DBCursor.java:596) ~[mongo-java-driver-2.7.2.jar:na]
	at net.vz.mongodb.jackson.DBCursor.toArray(DBCursor.java:383) ~[mongo-jackson-mapper-1.4.1.jar:na]
	at net.vz.mongodb.jackson.DBCursor.toArray(DBCursor.java:370) ~[mongo-jackson-mapper-1.4.1.jar:na]
	at com.mnt.custom.mobile.Application.categories(Application.java:85) ~[classes/:na]
	at Routes$$anonfun$routes$1$$anonfun$applyOrElse$67$$anonfun$apply$67.apply(routes_routing.scala:901) ~[classes/:na]
	at Routes$$anonfun$routes$1$$anonfun$applyOrElse$67$$anonfun$apply$67.apply(routes_routing.scala:901) ~[classes/:na]
	at play.core.Router$HandlerInvoker$$anon$6$$anon$2.invocation(Router.scala:193) ~[play_2.10.jar:2.1.3]
	at play.core.Router$Routes$$anon$1.invocation(Router.scala:373) ~[play_2.10.jar:2.1.3]
	at play.core.j.JavaAction$$anon$1.call(JavaAction.scala:50) ~[play_2.10.jar:2.1.3]
	at play.core.j.JavaAction$$anon$2.apply(JavaAction.scala:80) ~[play_2.10.jar:2.1.3]
	at play.core.j.JavaAction$$anon$2.apply(JavaAction.scala:79) ~[play_2.10.jar:2.1.3]
	at play.libs.F$Promise$PromiseActor.onReceive(F.java:425) ~[play_2.10.jar:2.1.3]
	at akka.actor.UntypedActor$$anonfun$receive$1.applyOrElse(UntypedActor.scala:159) ~[akka-actor_2.10.jar:na]
	at akka.actor.ActorCell.receiveMessage(ActorCell.scala:425) ~[akka-actor_2.10.jar:na]
	at akka.actor.ActorCell.invoke(ActorCell.scala:386) ~[akka-actor_2.10.jar:na]
	at akka.dispatch.Mailbox.processMailbox(Mailbox.scala:230) ~[akka-actor_2.10.jar:na]
	at akka.dispatch.Mailbox.run(Mailbox.scala:212) ~[akka-actor_2.10.jar:na]
	at akka.dispatch.ForkJoinExecutorConfigurator$MailboxExecutionTask.exec(AbstractDispatcher.scala:502) ~[akka-actor_2.10.jar:na]
	at scala.concurrent.forkjoin.ForkJoinTask.doExec(ForkJoinTask.java:262) ~[scala-library.jar:na]
	at scala.concurrent.forkjoin.ForkJoinPool$WorkQueue.runTask(ForkJoinPool.java:975) ~[scala-library.jar:na]
	at scala.concurrent.forkjoin.ForkJoinPool.runWorker(ForkJoinPool.java:1478) ~[scala-library.jar:na]
	at scala.concurrent.forkjoin.ForkJoinWorkerThread.run(ForkJoinWorkerThread.java:104) ~[scala-library.jar:na]
Caused by: org.codehaus.jackson.map.exc.UnrecognizedPropertyException: Unrecognized field "comments" (Class models.merchant.Merchant), not marked as ignorable
 at [Source: de.undercouch.bson4jackson.io.LittleEndianInputStream@28b929fa; pos: 257] (through reference chain: models.merchant.Merchant["comments"])
	at org.codehaus.jackson.map.exc.UnrecognizedPropertyException.from(UnrecognizedPropertyException.java:53) ~[jackson-mapper-asl.jar:1.9.10]
	at org.codehaus.jackson.map.deser.StdDeserializationContext.unknownFieldException(StdDeserializationContext.java:267) ~[jackson-mapper-asl.jar:1.9.10]
	at org.codehaus.jackson.map.deser.std.StdDeserializer.reportUnknownProperty(StdDeserializer.java:673) ~[jackson-mapper-asl.jar:1.9.10]
	at org.codehaus.jackson.map.deser.std.StdDeserializer.handleUnknownProperty(StdDeserializer.java:659) ~[jackson-mapper-asl.jar:1.9.10]
	at org.codehaus.jackson.map.deser.BeanDeserializer.handleUnknownProperty(BeanDeserializer.java:1365) ~[jackson-mapper-asl.jar:1.9.10]
	at org.codehaus.jackson.map.deser.BeanDeserializer._handleUnknown(BeanDeserializer.java:725) ~[jackson-mapper-asl.jar:1.9.10]
	at org.codehaus.jackson.map.deser.BeanDeserializer.deserializeFromObject(BeanDeserializer.java:703) ~[jackson-mapper-asl.jar:1.9.10]
	at org.codehaus.jackson.map.deser.BeanDeserializer.deserialize(BeanDeserializer.java:580) ~[jackson-mapper-asl.jar:1.9.10]
	at org.codehaus.jackson.map.ObjectMapper._readValue(ObjectMapper.java:2704) ~[jackson-mapper-asl.jar:1.9.10]
	at org.codehaus.jackson.map.ObjectMapper.readValue(ObjectMapper.java:1315) ~[jackson-mapper-asl.jar:1.9.10]
	at net.vz.mongodb.jackson.internal.stream.JacksonDBDecoder.decode(JacksonDBDecoder.java:62) ~[mongo-jackson-mapper-1.4.1.jar:na]
	at com.mongodb.Response.<init>(Response.java:66) ~[mongo-java-driver-2.7.2.jar:na]
	at com.mongodb.DBPort.go(DBPort.java:128) ~[mongo-java-driver-2.7.2.jar:na]
	at com.mongodb.DBPort.call(DBPort.java:79) ~[mongo-java-driver-2.7.2.jar:na]
	at com.mongodb.DBTCPConnector.call(DBTCPConnector.java:218) ~[mongo-java-driver-2.7.2.jar:na]
	... 26 common frames omitted

2013-11-21 03:32:22,742 - [ERROR] - from application in play-internal-execution-context-6 


! @6gbba31o9 - Internal server error, for (GET) [/mobile/categories?city=Pune] ->

play.api.Application$$anon$1: Execution exception[[Network: can't call something : paulo.mongohq.com/54.226.71.234:10028/ryLtl1FKydmmUb6QSEzhkQ]]
	at play.api.Application$class.handleError(Application.scala:289) ~[play_2.10.jar:2.1.3]
	at play.api.DefaultApplication.handleError(Application.scala:383) [play_2.10.jar:2.1.3]
	at play.core.server.netty.PlayDefaultUpstreamHandler$$anonfun$play$core$server$netty$PlayDefaultUpstreamHandler$$handle$1$1.apply(PlayDefaultUpstreamHandler.scala:143) [play_2.10.jar:2.1.3]
	at play.core.server.netty.PlayDefaultUpstreamHandler$$anonfun$play$core$server$netty$PlayDefaultUpstreamHandler$$handle$1$1.apply(PlayDefaultUpstreamHandler.scala:139) [play_2.10.jar:2.1.3]
	at play.api.libs.concurrent.PlayPromise$$anonfun$extend1$1.apply(Promise.scala:113) [play_2.10.jar:2.1.3]
	at play.api.libs.concurrent.PlayPromise$$anonfun$extend1$1.apply(Promise.scala:113) [play_2.10.jar:2.1.3]
	at play.api.libs.concurrent.PlayPromise$$anonfun$extend$1$$anonfun$apply$1.apply(Promise.scala:104) [play_2.10.jar:2.1.3]
	at scala.concurrent.impl.Future$PromiseCompletingRunnable.liftedTree1$1(Future.scala:24) [scala-library.jar:na]
	at scala.concurrent.impl.Future$PromiseCompletingRunnable.run(Future.scala:24) [scala-library.jar:na]
	at java.util.concurrent.ThreadPoolExecutor.runWorker(ThreadPoolExecutor.java:1145) [na:1.7.0_21]
	at java.util.concurrent.ThreadPoolExecutor$Worker.run(ThreadPoolExecutor.java:615) [na:1.7.0_21]
	at java.lang.Thread.run(Thread.java:722) [na:1.7.0_21]
com.mongodb.MongoException$Network: can't call something : paulo.mongohq.com/54.226.71.234:10028/ryLtl1FKydmmUb6QSEzhkQ
	at com.mongodb.DBTCPConnector.call(DBTCPConnector.java:227) ~[mongo-java-driver-2.7.2.jar:na]
	at com.mongodb.DBApiLayer$MyCollection.__find(DBApiLayer.java:305) ~[mongo-java-driver-2.7.2.jar:na]
	at com.mongodb.DBCursor._check(DBCursor.java:369) ~[mongo-java-driver-2.7.2.jar:na]
	at com.mongodb.DBCursor._hasNext(DBCursor.java:498) ~[mongo-java-driver-2.7.2.jar:na]
	at com.mongodb.DBCursor._fill(DBCursor.java:558) ~[mongo-java-driver-2.7.2.jar:na]
	at com.mongodb.DBCursor.toArray(DBCursor.java:596) ~[mongo-java-driver-2.7.2.jar:na]
	at net.vz.mongodb.jackson.DBCursor.toArray(DBCursor.java:383) ~[mongo-jackson-mapper-1.4.1.jar:na]
	at net.vz.mongodb.jackson.DBCursor.toArray(DBCursor.java:370) ~[mongo-jackson-mapper-1.4.1.jar:na]
	at com.mnt.custom.mobile.Application.categories(Application.java:85) ~[classes/:na]
	at Routes$$anonfun$routes$1$$anonfun$applyOrElse$67$$anonfun$apply$67.apply(routes_routing.scala:901) ~[classes/:na]
	at Routes$$anonfun$routes$1$$anonfun$applyOrElse$67$$anonfun$apply$67.apply(routes_routing.scala:901) ~[classes/:na]
	at play.core.Router$HandlerInvoker$$anon$6$$anon$2.invocation(Router.scala:193) ~[play_2.10.jar:2.1.3]
	at play.core.Router$Routes$$anon$1.invocation(Router.scala:373) ~[play_2.10.jar:2.1.3]
	at play.core.j.JavaAction$$anon$1.call(JavaAction.scala:50) ~[play_2.10.jar:2.1.3]
	at play.core.j.JavaAction$$anon$2.apply(JavaAction.scala:80) ~[play_2.10.jar:2.1.3]
	at play.core.j.JavaAction$$anon$2.apply(JavaAction.scala:79) ~[play_2.10.jar:2.1.3]
	at play.libs.F$Promise$PromiseActor.onReceive(F.java:425) ~[play_2.10.jar:2.1.3]
	at akka.actor.UntypedActor$$anonfun$receive$1.applyOrElse(UntypedActor.scala:159) ~[akka-actor_2.10.jar:na]
	at akka.actor.ActorCell.receiveMessage(ActorCell.scala:425) ~[akka-actor_2.10.jar:na]
	at akka.actor.ActorCell.invoke(ActorCell.scala:386) ~[akka-actor_2.10.jar:na]
	at akka.dispatch.Mailbox.processMailbox(Mailbox.scala:230) ~[akka-actor_2.10.jar:na]
	at akka.dispatch.Mailbox.run(Mailbox.scala:212) ~[akka-actor_2.10.jar:na]
	at akka.dispatch.ForkJoinExecutorConfigurator$MailboxExecutionTask.exec(AbstractDispatcher.scala:502) ~[akka-actor_2.10.jar:na]
	at scala.concurrent.forkjoin.ForkJoinTask.doExec(ForkJoinTask.java:262) ~[scala-library.jar:na]
	at scala.concurrent.forkjoin.ForkJoinPool$WorkQueue.runTask(ForkJoinPool.java:975) ~[scala-library.jar:na]
	at scala.concurrent.forkjoin.ForkJoinPool.runWorker(ForkJoinPool.java:1478) ~[scala-library.jar:na]
	at scala.concurrent.forkjoin.ForkJoinWorkerThread.run(ForkJoinWorkerThread.java:104) ~[scala-library.jar:na]
Caused by: org.codehaus.jackson.map.exc.UnrecognizedPropertyException: Unrecognized field "comments" (Class models.merchant.Merchant), not marked as ignorable
 at [Source: de.undercouch.bson4jackson.io.LittleEndianInputStream@6964085; pos: 257] (through reference chain: models.merchant.Merchant["comments"])
	at org.codehaus.jackson.map.exc.UnrecognizedPropertyException.from(UnrecognizedPropertyException.java:53) ~[jackson-mapper-asl.jar:1.9.10]
	at org.codehaus.jackson.map.deser.StdDeserializationContext.unknownFieldException(StdDeserializationContext.java:267) ~[jackson-mapper-asl.jar:1.9.10]
	at org.codehaus.jackson.map.deser.std.StdDeserializer.reportUnknownProperty(StdDeserializer.java:673) ~[jackson-mapper-asl.jar:1.9.10]
	at org.codehaus.jackson.map.deser.std.StdDeserializer.handleUnknownProperty(StdDeserializer.java:659) ~[jackson-mapper-asl.jar:1.9.10]
	at org.codehaus.jackson.map.deser.BeanDeserializer.handleUnknownProperty(BeanDeserializer.java:1365) ~[jackson-mapper-asl.jar:1.9.10]
	at org.codehaus.jackson.map.deser.BeanDeserializer._handleUnknown(BeanDeserializer.java:725) ~[jackson-mapper-asl.jar:1.9.10]
	at org.codehaus.jackson.map.deser.BeanDeserializer.deserializeFromObject(BeanDeserializer.java:703) ~[jackson-mapper-asl.jar:1.9.10]
	at org.codehaus.jackson.map.deser.BeanDeserializer.deserialize(BeanDeserializer.java:580) ~[jackson-mapper-asl.jar:1.9.10]
	at org.codehaus.jackson.map.ObjectMapper._readValue(ObjectMapper.java:2704) ~[jackson-mapper-asl.jar:1.9.10]
	at org.codehaus.jackson.map.ObjectMapper.readValue(ObjectMapper.java:1315) ~[jackson-mapper-asl.jar:1.9.10]
	at net.vz.mongodb.jackson.internal.stream.JacksonDBDecoder.decode(JacksonDBDecoder.java:62) ~[mongo-jackson-mapper-1.4.1.jar:na]
	at com.mongodb.Response.<init>(Response.java:66) ~[mongo-java-driver-2.7.2.jar:na]
	at com.mongodb.DBPort.go(DBPort.java:128) ~[mongo-java-driver-2.7.2.jar:na]
	at com.mongodb.DBPort.call(DBPort.java:79) ~[mongo-java-driver-2.7.2.jar:na]
	at com.mongodb.DBTCPConnector.call(DBTCPConnector.java:218) ~[mongo-java-driver-2.7.2.jar:na]
	... 26 common frames omitted

